[2022-09-27 19:12:59][5TFRoVL5KVGkTQxlffX592qIMdFHlnwy] Processing: App\Jobs\SendSmsJob
[2022-09-27 19:13:03][5TFRoVL5KVGkTQxlffX592qIMdFHlnwy] Processed:  App\Jobs\SendSmsJob
[2022-10-23 15:51:20][VgfDkiUFudCC26kOOKR0hfDJiz6OVqcI] Processing: App\Jobs\SendSmsJob
[2022-10-23 15:51:21][VgfDkiUFudCC26kOOKR0hfDJiz6OVqcI] Processed:  App\Jobs\SendSmsJob
[2022-10-23 15:51:21][TOL7jfTJL7OupCiSxdIVy25Y0F7Yjiew] Processing: App\Jobs\SendSmsJob
[2022-10-23 15:51:21][TOL7jfTJL7OupCiSxdIVy25Y0F7Yjiew] Processed:  App\Jobs\SendSmsJob
[2022-10-23 15:51:21][Tvhci5fKFlAOpwgGSP5n1RgpZ52FAHJt] Processing: App\Jobs\SendSmsJob
[2022-10-23 15:51:21][Tvhci5fKFlAOpwgGSP5n1RgpZ52FAHJt] Processed:  App\Jobs\SendSmsJob
[2022-10-23 15:51:21][8dFfXAHEp1XzDtBMQnoyKd1y9nFYjGKy] Processing: App\Jobs\SendSmsJob
[2022-10-23 15:51:21][8dFfXAHEp1XzDtBMQnoyKd1y9nFYjGKy] Processed:  App\Jobs\SendSmsJob
[2022-11-01 22:10:40][ksL8hjAzfX9Bwh9odbiTzbcjZeziltPs] Processing: App\Jobs\SendSmsJob
[2022-11-01 22:10:41][ksL8hjAzfX9Bwh9odbiTzbcjZeziltPs] Processed:  App\Jobs\SendSmsJob
[2022-11-01 22:10:41][09FPrTr6BRG1KDfJoZkkMdE22BPzrJty] Processing: App\Jobs\SendSmsJob
[2022-11-01 22:10:41][09FPrTr6BRG1KDfJoZkkMdE22BPzrJty] Processed:  App\Jobs\SendSmsJob
[2022-11-01 22:10:41][cIWAb1MTagH4LoooodooZ5s5YNds9OuX] Processing: App\Jobs\SendSmsJob
[2022-11-01 22:10:42][cIWAb1MTagH4LoooodooZ5s5YNds9OuX] Processed:  App\Jobs\SendSmsJob
[2022-11-01 22:10:42][ep9hzsgmDIR63ogeYyRkQINAzYZX5bf9] Processing: App\Jobs\SendSmsJob
[2022-11-01 22:10:42][ep9hzsgmDIR63ogeYyRkQINAzYZX5bf9] Processed:  App\Jobs\SendSmsJob
[2022-11-01 22:10:42][ElhakALL22PyBDIYtKpUuA5k4oVAMVsU] Processing: App\Jobs\SendSmsJob
[2022-11-01 22:10:42][ElhakALL22PyBDIYtKpUuA5k4oVAMVsU] Processed:  App\Jobs\SendSmsJob
[2022-11-01 22:10:42][LEueaBepPY8eMkFsCiQ03npubYQeOGXo] Processing: App\Jobs\SendSmsJob
[2022-11-01 22:10:42][LEueaBepPY8eMkFsCiQ03npubYQeOGXo] Processed:  App\Jobs\SendSmsJob
[2022-11-01 22:10:42][ygdNSBhC6ASALmAeCCyp33bpIBvxWxHz] Processing: App\Jobs\SendSmsJob
[2022-11-01 22:10:43][ygdNSBhC6ASALmAeCCyp33bpIBvxWxHz] Processed:  App\Jobs\SendSmsJob
[2022-11-01 22:10:43][OiqE6b9JWReJcmfM6Qau59P2odax7C0P] Processing: App\Jobs\SendSmsJob
[2022-11-01 22:10:43][OiqE6b9JWReJcmfM6Qau59P2odax7C0P] Processed:  App\Jobs\SendSmsJob
[2022-11-01 22:10:43][JzIYw8WAEkGCN3hDvBszOaLmH2J4A3m4] Processing: App\Jobs\SendSmsJob
[2022-11-01 22:10:43][JzIYw8WAEkGCN3hDvBszOaLmH2J4A3m4] Processed:  App\Jobs\SendSmsJob
[2022-11-01 22:10:43][JDTxvrCRevJfxA1WnwQO5ZZvunWXoqIn] Processing: App\Jobs\SendSmsJob
[2022-11-01 22:10:43][JDTxvrCRevJfxA1WnwQO5ZZvunWXoqIn] Processed:  App\Jobs\SendSmsJob
[2022-11-01 22:10:43][7kr58Q9DT1sEIdbwbCurdw3Mwcjau3Oe] Processing: App\Jobs\SendSmsJob
[2022-11-01 22:10:44][7kr58Q9DT1sEIdbwbCurdw3Mwcjau3Oe] Processed:  App\Jobs\SendSmsJob
[2022-11-01 22:19:35][KepbblcUywpRJujrF3WSdrEM8IXzxbNY] Processing: App\Jobs\SendSmsJob
[2022-11-01 22:19:35][KepbblcUywpRJujrF3WSdrEM8IXzxbNY] Processed:  App\Jobs\SendSmsJob
[2022-11-01 22:19:35][eGaf3UZTLfd0t1OH17bPP80ATD1QXS4K] Processing: App\Jobs\SendSmsJob
[2022-11-01 22:19:36][eGaf3UZTLfd0t1OH17bPP80ATD1QXS4K] Processed:  App\Jobs\SendSmsJob
[2022-11-01 22:19:45][gSzIuj7L9iltzinj2pPVh1BWcfYJSNT2] Processing: App\Jobs\SendSmsJob
[2022-11-01 22:19:45][gSzIuj7L9iltzinj2pPVh1BWcfYJSNT2] Processed:  App\Jobs\SendSmsJob
[2022-11-01 22:20:18][wE2pJF9vRWu4W11tFAT9GY5IiBwAK7X9] Processing: App\Jobs\SendSmsJob
[2022-11-01 22:20:18][wE2pJF9vRWu4W11tFAT9GY5IiBwAK7X9] Processed:  App\Jobs\SendSmsJob
[2022-11-01 22:20:18][l7SveELmlvE18UG3QAXHQ7ICo1HWGatq] Processing: App\Jobs\SendSmsJob
[2022-11-01 22:20:19][l7SveELmlvE18UG3QAXHQ7ICo1HWGatq] Processed:  App\Jobs\SendSmsJob
[2022-11-01 22:20:19][WI9z5gtEzn5a4SPsw6nkUGGYucDUukwP] Processing: App\Jobs\SendSmsJob
[2022-11-01 22:20:19][WI9z5gtEzn5a4SPsw6nkUGGYucDUukwP] Processed:  App\Jobs\SendSmsJob
[2022-11-01 22:20:19][pNO8tokIE7zTUqx9bdrvdJKwUuTmOBrM] Processing: App\Jobs\SendSmsJob
[2022-11-01 22:20:19][pNO8tokIE7zTUqx9bdrvdJKwUuTmOBrM] Processed:  App\Jobs\SendSmsJob
[2022-11-01 22:20:19][aELXZLASNRtboRheaU6tWSrGamWer63O] Processing: App\Jobs\SendSmsJob
[2022-11-01 22:20:19][aELXZLASNRtboRheaU6tWSrGamWer63O] Processed:  App\Jobs\SendSmsJob
[2022-11-01 22:20:25][sUW2g2mUwazTtJ0dQBmjEhPl13pTrPR1] Processing: App\Jobs\SendSmsJob
[2022-11-01 22:20:26][sUW2g2mUwazTtJ0dQBmjEhPl13pTrPR1] Processed:  App\Jobs\SendSmsJob
[2022-11-01 22:20:26][PiNERTxLMHLmv7EkB3G62uaZIBwK5RPf] Processing: App\Jobs\SendSmsJob
[2022-11-01 22:20:26][PiNERTxLMHLmv7EkB3G62uaZIBwK5RPf] Processed:  App\Jobs\SendSmsJob
[2022-11-01 22:20:26][OmfBUapsQHfSWEUPk8kMToik6C3dPdBq] Processing: App\Jobs\SendSmsJob
[2022-11-01 22:20:26][OmfBUapsQHfSWEUPk8kMToik6C3dPdBq] Processed:  App\Jobs\SendSmsJob
[2022-11-01 22:20:26][gSapjqPOUAyCMJZhTTPdEfu3U2jGvDnc] Processing: App\Jobs\SendSmsJob
[2022-11-01 22:20:27][gSapjqPOUAyCMJZhTTPdEfu3U2jGvDnc] Processed:  App\Jobs\SendSmsJob
[2022-11-01 22:20:27][APvZWTXNxjiML8NYWQOc7idqHsfEykNV] Processing: App\Jobs\SendSmsJob
[2022-11-01 22:20:27][APvZWTXNxjiML8NYWQOc7idqHsfEykNV] Processed:  App\Jobs\SendSmsJob
[2022-11-01 22:20:27][SBbdWYZBhw1Rme3CjfWlJ8Xco3IwC2hr] Processing: App\Jobs\SendSmsJob
[2022-11-01 22:20:27][SBbdWYZBhw1Rme3CjfWlJ8Xco3IwC2hr] Processed:  App\Jobs\SendSmsJob
[2022-11-01 22:20:27][PHZ3ZSU3kmWlhSX6eSrHkZKpdBhyN1jV] Processing: App\Jobs\SendSmsJob
[2022-11-01 22:20:27][PHZ3ZSU3kmWlhSX6eSrHkZKpdBhyN1jV] Processed:  App\Jobs\SendSmsJob
[2022-11-01 22:20:27][RBqfOrJgMc1ZqxWlUXQLd8Dw8jsKoFmI] Processing: App\Jobs\SendSmsJob
[2022-11-01 22:20:27][RBqfOrJgMc1ZqxWlUXQLd8Dw8jsKoFmI] Processed:  App\Jobs\SendSmsJob
[2022-11-01 22:20:27][BSAe11uI3t5GNOrVNivYm2qG7jtqJ60n] Processing: App\Jobs\SendSmsJob
[2022-11-01 22:20:28][BSAe11uI3t5GNOrVNivYm2qG7jtqJ60n] Processed:  App\Jobs\SendSmsJob
[2022-11-01 22:20:28][q2UzvfJ4zn83qAwvHAOcxhOjYJ2eoGh3] Processing: App\Jobs\SendSmsJob
[2022-11-01 22:20:28][q2UzvfJ4zn83qAwvHAOcxhOjYJ2eoGh3] Processed:  App\Jobs\SendSmsJob
[2022-11-01 22:20:28][cDMltvfyVH6PFuE7UKIqyTBLA82oXqsK] Processing: App\Jobs\SendSmsJob
[2022-11-01 22:20:28][cDMltvfyVH6PFuE7UKIqyTBLA82oXqsK] Processed:  App\Jobs\SendSmsJob
[2022-11-01 23:37:39][TnLvHqkD2Hr6YE6KDdbHAKAyGGLdbvaC] Processing: App\Jobs\SendSmsJob
[2022-11-01 23:37:40][TnLvHqkD2Hr6YE6KDdbHAKAyGGLdbvaC] Processed:  App\Jobs\SendSmsJob
[2022-11-01 23:37:40][uBdLWdCgpd5Vqb7U8gl1OFBycCaIz1zi] Processing: App\Jobs\SendSmsJob
[2022-11-01 23:37:40][uBdLWdCgpd5Vqb7U8gl1OFBycCaIz1zi] Processed:  App\Jobs\SendSmsJob
[2022-11-01 23:52:58][vLVHTDPjMRQ8R7iorTDT21kMhjWHD0x7] Processing: App\Jobs\SendSmsJob
[2022-11-01 23:52:59][vLVHTDPjMRQ8R7iorTDT21kMhjWHD0x7] Processed:  App\Jobs\SendSmsJob
[2022-11-01 23:54:47][D1iC8AGVUuYMye8VhjemeNz5le4JjidU] Processing: App\Jobs\SendSmsJob
[2022-11-01 23:54:47][D1iC8AGVUuYMye8VhjemeNz5le4JjidU] Processed:  App\Jobs\SendSmsJob
[2022-11-01 23:54:53][BP3Hxje83gHi5RE2OP3u6AtV3mUzupul] Processing: App\Jobs\SendSmsJob
[2022-11-01 23:54:54][BP3Hxje83gHi5RE2OP3u6AtV3mUzupul] Processed:  App\Jobs\SendSmsJob
[2022-11-01 23:54:54][SCtcrh4OoWx1q3gC17OejHQOq8jk5F1e] Processing: App\Jobs\SendSmsJob
[2022-11-01 23:54:54][SCtcrh4OoWx1q3gC17OejHQOq8jk5F1e] Processed:  App\Jobs\SendSmsJob
[2022-11-01 23:54:54][J1d8CMtdCoopGiQJ2Hhf2XFwr9T72l0f] Processing: App\Jobs\SendSmsJob
[2022-11-01 23:54:54][J1d8CMtdCoopGiQJ2Hhf2XFwr9T72l0f] Processed:  App\Jobs\SendSmsJob
[2022-11-01 23:54:54][F2U3yfViA0scq3d3lrNdkAmoYSjdI5Ek] Processing: App\Jobs\SendSmsJob
[2022-11-01 23:54:54][F2U3yfViA0scq3d3lrNdkAmoYSjdI5Ek] Processed:  App\Jobs\SendSmsJob
[2022-11-01 23:54:54][Ru8ybagz2cb5ETKFnTbKw3XSmf0DxtaO] Processing: App\Jobs\SendSmsJob
[2022-11-01 23:54:55][Ru8ybagz2cb5ETKFnTbKw3XSmf0DxtaO] Processed:  App\Jobs\SendSmsJob
[2022-11-01 23:54:55][0h2Htg9NUegoYVY7jUOcR2oQoaGHJuAe] Processing: App\Jobs\SendSmsJob
[2022-11-01 23:54:55][0h2Htg9NUegoYVY7jUOcR2oQoaGHJuAe] Processed:  App\Jobs\SendSmsJob
[2022-11-01 23:54:55][1KDgs1mRYZkjzsMnQluyiFutFJbdPbPx] Processing: App\Jobs\SendSmsJob
[2022-11-01 23:54:55][1KDgs1mRYZkjzsMnQluyiFutFJbdPbPx] Processed:  App\Jobs\SendSmsJob
[2022-11-01 23:54:55][ttHKPDczEFF9rnqrc0kIWAFRNRQffbTI] Processing: App\Jobs\SendSmsJob
[2022-11-01 23:54:56][ttHKPDczEFF9rnqrc0kIWAFRNRQffbTI] Processed:  App\Jobs\SendSmsJob
[2022-11-01 23:54:56][k7kYzxW3pJ4lXSKnSjcbZzl47WPcH4o4] Processing: App\Jobs\SendSmsJob
[2022-11-01 23:54:56][k7kYzxW3pJ4lXSKnSjcbZzl47WPcH4o4] Processed:  App\Jobs\SendSmsJob
[2022-11-01 23:54:56][uAIHu6rIOjMKratKvuTRd8zF7bLECb1x] Processing: App\Jobs\SendSmsJob
[2022-11-01 23:54:56][uAIHu6rIOjMKratKvuTRd8zF7bLECb1x] Processed:  App\Jobs\SendSmsJob
[2022-11-01 23:54:56][wRTFlSOAkjHYmY10yhcJRWqoGfBlr6YO] Processing: App\Jobs\SendSmsJob
[2022-11-01 23:54:57][wRTFlSOAkjHYmY10yhcJRWqoGfBlr6YO] Processed:  App\Jobs\SendSmsJob
[2022-11-01 23:55:33][ztKeYkmRAtHd8Q2IrXRjCZfDKulj5DZ8] Processing: App\Jobs\SendSmsJob
[2022-11-01 23:55:33][ztKeYkmRAtHd8Q2IrXRjCZfDKulj5DZ8] Processed:  App\Jobs\SendSmsJob
[2022-11-01 23:55:33][i6vhuVUtsauf5aIFgkQ8x0Ee2ASMMUxJ] Processing: App\Jobs\SendSmsJob
[2022-11-01 23:55:33][i6vhuVUtsauf5aIFgkQ8x0Ee2ASMMUxJ] Processed:  App\Jobs\SendSmsJob
[2022-11-01 23:55:33][K26jatFSDwH7UyAMEoYSZVB1GikiuDz9] Processing: App\Jobs\SendSmsJob
[2022-11-01 23:55:34][K26jatFSDwH7UyAMEoYSZVB1GikiuDz9] Processed:  App\Jobs\SendSmsJob
[2022-11-01 23:55:34][TBPVjyN60P9g6nzsE6sD92NKx1ikdO1t] Processing: App\Jobs\SendSmsJob
[2022-11-01 23:55:34][TBPVjyN60P9g6nzsE6sD92NKx1ikdO1t] Processed:  App\Jobs\SendSmsJob
[2022-11-01 23:55:34][SaNVwxamZfx8T5QC6qkaUtObYgAzEfjS] Processing: App\Jobs\SendSmsJob
[2022-11-01 23:55:34][SaNVwxamZfx8T5QC6qkaUtObYgAzEfjS] Processed:  App\Jobs\SendSmsJob
[2022-11-01 23:55:34][NVnceHlpB3FsTE6dh1OwSIIWHRaAwr0m] Processing: App\Jobs\SendSmsJob
[2022-11-01 23:55:34][NVnceHlpB3FsTE6dh1OwSIIWHRaAwr0m] Processed:  App\Jobs\SendSmsJob
[2022-11-01 23:55:34][CD0FuzaX8FAXayQp64DtMkfiviNacs1i] Processing: App\Jobs\SendSmsJob
[2022-11-01 23:55:35][CD0FuzaX8FAXayQp64DtMkfiviNacs1i] Processed:  App\Jobs\SendSmsJob
[2022-11-01 23:55:35][w5QfohmmsGNA4oZ7fAGsQJDKMuFXHbi8] Processing: App\Jobs\SendSmsJob
[2022-11-01 23:55:35][w5QfohmmsGNA4oZ7fAGsQJDKMuFXHbi8] Processed:  App\Jobs\SendSmsJob
[2022-11-01 23:55:35][TGbuEcUsnBu8Mtbbo22Q8xzvitknYR2h] Processing: App\Jobs\SendSmsJob
[2022-11-01 23:55:35][TGbuEcUsnBu8Mtbbo22Q8xzvitknYR2h] Processed:  App\Jobs\SendSmsJob
[2022-11-01 23:55:35][QZUmZmyByOSy9KIcXl4r0ul2Q2kap28l] Processing: App\Jobs\SendSmsJob
[2022-11-01 23:55:35][QZUmZmyByOSy9KIcXl4r0ul2Q2kap28l] Processed:  App\Jobs\SendSmsJob
[2022-11-01 23:55:35][aE2ucmTSlyqbJgAeEhXfaFbCWJljfgko] Processing: App\Jobs\SendSmsJob
[2022-11-01 23:55:36][aE2ucmTSlyqbJgAeEhXfaFbCWJljfgko] Processed:  App\Jobs\SendSmsJob
[2022-11-01 23:55:39][lcMtwPLnkTFbnYksvN8t7qBEbhHrBsb8] Processing: App\Jobs\SendSmsJob
[2022-11-01 23:55:39][lcMtwPLnkTFbnYksvN8t7qBEbhHrBsb8] Processed:  App\Jobs\SendSmsJob
[2022-11-01 23:55:48][GNwVW4fnefDMZOcZTPqBSEUCM4g7txEy] Processing: App\Jobs\SendSmsJob
[2022-11-01 23:55:48][GNwVW4fnefDMZOcZTPqBSEUCM4g7txEy] Processed:  App\Jobs\SendSmsJob
